<?xml version="1.0" encoding="UTF-8"?>
<!-- Generated by org.testng.reporters.JUnitXMLReporter -->
<testsuite ignored="0" hostname="DESKTOP-RO7LUG0" failures="0" tests="7" name="Default test" time="77.218" errors="0" timestamp="2023-08-03T16:24:00 IST">
  <testcase classname="com.MyAppApplicationTestscode" name="testing" time="4.654"/>
  <testcase classname="com.MyAppApplicationTestscode" name="signup" time="3.589"/>
  <testcase classname="com.MyAppApplicationTestscode" name="signin" time="2.586"/>
  <testcase classname="com.MyAppApplicationTestscode" name="adminhome" time="2.749"/>
  <testcase classname="com.MyAppApplicationTestscode" name="userhome" time="4.972"/>
  <testcase classname="com.MyAppApplicationTestscode" name="loadusers" time="4.614"/>
  <testcase classname="com.MyAppApplicationTestscode" name="approve" time="1.82"/>
</testsuite> <!-- Default test -->
